<?xml version="1.0" encoding="UTF-8"?>
<robot generator="Robot 7.2 (Python 3.13.1 on win32)" generated="2025-01-28T11:37:55.910578" rpa="false" schemaversion="5">
<suite id="s1" name="criarConta" source="C:\Dev\RobotFramework\robot\criarConta.robot">
<test id="s1-t1" name="Cenário 1: Criando Conta na Luma Store" line="32">
<kw name="Abrir Navegador e Acessar o Site">
<kw name="Open Browser" owner="SeleniumLibrary">
<msg time="2025-01-28T11:37:56.425246" level="INFO">Opening browser 'chrome' to base url 'https://magento.softwaretestingboard.com/'.</msg>
<arg>${URL}</arg>
<arg>chrome</arg>
<doc>Opens a new browser instance to the optional ``url``.</doc>
<status status="PASS" start="2025-01-28T11:37:56.424865" elapsed="4.527827"/>
</kw>
<kw name="Maximize Browser Window" owner="SeleniumLibrary">
<doc>Maximizes current browser window.</doc>
<status status="PASS" start="2025-01-28T11:38:00.953023" elapsed="0.040810"/>
</kw>
<status status="PASS" start="2025-01-28T11:37:56.423756" elapsed="4.570274"/>
</kw>
<kw name="Clicar em Criar Conta">
<kw name="Click Element" owner="SeleniumLibrary">
<msg time="2025-01-28T11:38:00.995636" level="INFO">Clicking element 'xpath=//a[text()='Create an Account']'.</msg>
<arg>xpath=//a[text()='Create an Account']</arg>
<doc>Click the element identified by ``locator``.</doc>
<status status="PASS" start="2025-01-28T11:38:00.994989" elapsed="1.005393"/>
</kw>
<status status="PASS" start="2025-01-28T11:38:00.994545" elapsed="1.006027"/>
</kw>
<kw name="Aguardar e Preencher">
<kw name="Wait Until Element Is Visible" owner="SeleniumLibrary">
<arg>${locator}</arg>
<arg>timeout=10</arg>
<doc>Waits until the element ``locator`` is visible.</doc>
<status status="PASS" start="2025-01-28T11:38:02.001504" elapsed="0.030369"/>
</kw>
<kw name="Input Text" owner="SeleniumLibrary">
<msg time="2025-01-28T11:38:02.032522" level="INFO">Typing text 'Lucas' into text field 'id:firstname'.</msg>
<arg>${locator}</arg>
<arg>${texto}</arg>
<doc>Types the given ``text`` into the text field identified by ``locator``.</doc>
<status status="PASS" start="2025-01-28T11:38:02.032151" elapsed="0.149969"/>
</kw>
<arg>${INPUT_FIRSTNAME}</arg>
<arg>Lucas</arg>
<status status="PASS" start="2025-01-28T11:38:02.001007" elapsed="0.181317"/>
</kw>
<kw name="Aguardar e Preencher">
<kw name="Wait Until Element Is Visible" owner="SeleniumLibrary">
<arg>${locator}</arg>
<arg>timeout=10</arg>
<doc>Waits until the element ``locator`` is visible.</doc>
<status status="PASS" start="2025-01-28T11:38:02.183396" elapsed="0.025944"/>
</kw>
<kw name="Input Text" owner="SeleniumLibrary">
<msg time="2025-01-28T11:38:02.209975" level="INFO">Typing text 'Moraes' into text field 'id:lastname'.</msg>
<arg>${locator}</arg>
<arg>${texto}</arg>
<doc>Types the given ``text`` into the text field identified by ``locator``.</doc>
<status status="PASS" start="2025-01-28T11:38:02.209611" elapsed="0.126764"/>
</kw>
<arg>${INPUT_LASTNAME}</arg>
<arg>Moraes</arg>
<status status="PASS" start="2025-01-28T11:38:02.182805" elapsed="0.153752"/>
</kw>
<kw name="Aguardar e Preencher">
<kw name="Wait Until Element Is Visible" owner="SeleniumLibrary">
<arg>${locator}</arg>
<arg>timeout=10</arg>
<doc>Waits until the element ``locator`` is visible.</doc>
<status status="PASS" start="2025-01-28T11:38:02.337508" elapsed="0.023778"/>
</kw>
<kw name="Input Text" owner="SeleniumLibrary">
<msg time="2025-01-28T11:38:02.361943" level="INFO">Typing text 'lucasteste@gmail.com' into text field 'id:email_address'.</msg>
<arg>${locator}</arg>
<arg>${texto}</arg>
<doc>Types the given ``text`` into the text field identified by ``locator``.</doc>
<status status="PASS" start="2025-01-28T11:38:02.361555" elapsed="0.185984"/>
</kw>
<arg>${INPUT_EMAIL}</arg>
<arg>lucasteste@gmail.com</arg>
<status status="PASS" start="2025-01-28T11:38:02.337011" elapsed="0.210707"/>
</kw>
<kw name="Aguardar e Preencher">
<kw name="Wait Until Element Is Visible" owner="SeleniumLibrary">
<arg>${locator}</arg>
<arg>timeout=10</arg>
<doc>Waits until the element ``locator`` is visible.</doc>
<status status="PASS" start="2025-01-28T11:38:02.548725" elapsed="0.023085"/>
</kw>
<kw name="Input Text" owner="SeleniumLibrary">
<msg time="2025-01-28T11:38:02.572460" level="INFO">Typing text 'Lucas123**' into text field 'id:password'.</msg>
<arg>${locator}</arg>
<arg>${texto}</arg>
<doc>Types the given ``text`` into the text field identified by ``locator``.</doc>
<status status="PASS" start="2025-01-28T11:38:02.572077" elapsed="0.146646"/>
</kw>
<arg>${INPUT_PASSWORD}</arg>
<arg>Lucas123**</arg>
<status status="PASS" start="2025-01-28T11:38:02.548216" elapsed="0.170687"/>
</kw>
<kw name="Aguardar e Preencher">
<kw name="Wait Until Element Is Visible" owner="SeleniumLibrary">
<arg>${locator}</arg>
<arg>timeout=10</arg>
<doc>Waits until the element ``locator`` is visible.</doc>
<status status="PASS" start="2025-01-28T11:38:02.719838" elapsed="0.027857"/>
</kw>
<kw name="Input Text" owner="SeleniumLibrary">
<msg time="2025-01-28T11:38:02.748376" level="INFO">Typing text 'Lucas123**' into text field 'id:password-confirmation'.</msg>
<arg>${locator}</arg>
<arg>${texto}</arg>
<doc>Types the given ``text`` into the text field identified by ``locator``.</doc>
<status status="PASS" start="2025-01-28T11:38:02.747991" elapsed="0.146368"/>
</kw>
<arg>${INPUT_CONFIRMPASSWORD}</arg>
<arg>Lucas123**</arg>
<status status="PASS" start="2025-01-28T11:38:02.719334" elapsed="0.175202"/>
</kw>
<kw name="Clicar em Submit">
<kw name="Click Element" owner="SeleniumLibrary">
<msg time="2025-01-28T11:38:02.895800" level="INFO">Clicking element 'xpath=//button[contains(@class, 'action submit primary')]'.</msg>
<arg>xpath=//button[contains(@class, 'action submit primary')]</arg>
<doc>Click the element identified by ``locator``.</doc>
<status status="PASS" start="2025-01-28T11:38:02.895543" elapsed="1.608535"/>
</kw>
<status status="PASS" start="2025-01-28T11:38:02.895043" elapsed="1.609213"/>
</kw>
<kw name="Fechar Navegador">
<kw name="Close Browser" owner="SeleniumLibrary">
<doc>Closes the current browser.</doc>
<status status="PASS" start="2025-01-28T11:38:04.505208" elapsed="2.220079"/>
</kw>
<status status="PASS" start="2025-01-28T11:38:04.504742" elapsed="2.220811"/>
</kw>
<status status="PASS" start="2025-01-28T11:37:56.422687" elapsed="10.303721"/>
</test>
<status status="PASS" start="2025-01-28T11:37:55.912833" elapsed="10.815092"/>
</suite>
<statistics>
<total>
<stat pass="1" fail="0" skip="0">All Tests</stat>
</total>
<tag>
</tag>
<suite>
<stat name="criarConta" id="s1" pass="1" fail="0" skip="0">criarConta</stat>
</suite>
</statistics>
<errors>
</errors>
</robot>
